0 info it worked if it ends with ok
1 verbose cli [ 'C:\\Program Files\\nodejs\\node.exe',
1 verbose cli   'C:\\Program Files\\nodejs\\node_modules\\npm\\bin\\npm-cli.js',
1 verbose cli   'publish' ]
2 info using npm@3.10.10
3 info using node@v6.11.4
4 verbose publish [ '.' ]
5 silly cache add args [ '.', null ]
6 verbose cache add spec .
7 silly cache add parsed spec Result {
7 silly cache add   raw: '.',
7 silly cache add   scope: null,
7 silly cache add   escapedName: null,
7 silly cache add   name: null,
7 silly cache add   rawSpec: '.',
7 silly cache add   spec: 'C:\\web-capture-service-github',
7 silly cache add   type: 'directory' }
8 verbose addLocalDirectory C:\Users\gilbert.ruiz\AppData\Roaming\npm-cache\web-capture-service\11.0.0\package.tgz not in flight; packing
9 verbose correctMkdir C:\Users\gilbert.ruiz\AppData\Roaming\npm-cache correctMkdir not in flight; initializing
10 info lifecycle web-capture-service@11.0.0~prepublish: web-capture-service@11.0.0
11 silly lifecycle web-capture-service@11.0.0~prepublish: no script for prepublish, continuing
12 verbose tar pack [ 'C:\\Users\\gilbert.ruiz\\AppData\\Roaming\\npm-cache\\web-capture-service\\11.0.0\\package.tgz',
12 verbose tar pack   'C:\\web-capture-service-github' ]
13 verbose tarball C:\Users\gilbert.ruiz\AppData\Roaming\npm-cache\web-capture-service\11.0.0\package.tgz
14 verbose folder C:\web-capture-service-github
15 verbose addLocalTarball adding from inside cache C:\Users\gilbert.ruiz\AppData\Roaming\npm-cache\web-capture-service\11.0.0\package.tgz
16 verbose correctMkdir C:\Users\gilbert.ruiz\AppData\Roaming\npm-cache correctMkdir not in flight; initializing
17 silly cache afterAdd web-capture-service@11.0.0
18 verbose afterAdd C:\Users\gilbert.ruiz\AppData\Roaming\npm-cache\web-capture-service\11.0.0\package\package.json not in flight; writing
19 verbose correctMkdir C:\Users\gilbert.ruiz\AppData\Roaming\npm-cache correctMkdir not in flight; initializing
20 verbose afterAdd C:\Users\gilbert.ruiz\AppData\Roaming\npm-cache\web-capture-service\11.0.0\package\package.json written
21 silly publish { name: 'web-capture-service',
21 silly publish   version: '11.0.0',
21 silly publish   description: 'Atalasoft JavaScript library for requesting documents from a client-side scanner.',
21 silly publish   main: 'atalaWebCapture.js',
21 silly publish   scripts: { test: 'echo "Error: no test specified" && exit 1' },
21 silly publish   repository:
21 silly publish    { type: 'git',
21 silly publish      url: 'git+https://github.com/Atalasoft/web-capture-service.git' },
21 silly publish   keywords: [ 'Atalasoft', 'imaging', 'image', 'web', 'scanning', 'javascript' ],
21 silly publish   author: { name: 'Atalasoft', url: 'https://atalasoft.com' },
21 silly publish   license: 'SEE LICENSE IN LICENSE',
21 silly publish   bugs: { url: 'https://github.com/Atalasoft/web-capture-service/issues' },
21 silly publish   homepage: 'https://github.com/Atalasoft/web-capture-service#readme',
21 silly publish   dependencies: { jquery: '>=1.11.0' },
21 silly publish   readme: '# Atalasoft Web Capture Service\r\n[![npm version](https://badge.fury.io/js/web-capture-service.svg)](https://badge.fury.io/js/web-capture-service)\r\n[![NuGet version](https://badge.fury.io/nu/Atalasoft.Web.Capture.Service.svg)](https://badge.fury.io/nu/Atalasoft.Web.Capture.Service)\r\n[![Bower version](https://badge.fury.io/bo/web-capture-service.svg)](https://badge.fury.io/bo/web-capture-service)\r\n\r\nWeb Capture Service includes a set of integrated components that can be used to easily capture-enable a website.\r\nIt uses Javascript, supported by an local scanning service on the client machine which \r\ncould be deployed either as windows service or regular windows application. \r\n\r\nAlso Web Capture Service supports scanning in multiuser environments - MS Terminal Server and Citrix. On these environments, multiple users work with Web Capture Service at the same time from different Windows logon sessions with the same user experience as on single-user machine.\r\n\r\n### Installation\r\n\r\n#### Bower\r\n```bash\r\nbower install web-capture-service\r\n```\r\n\r\n#### Nuget\r\n```bash\r\nPM> Install-Package Atalasoft.Web.Capture.Service\r\n```\r\n\r\n#### NPM\r\n```bash\r\nnpm install web-capture-service\r\n```\r\n\r\n### How to use\r\nYou can find a tutorial about how to create a simple capture application in the [Atalasoft team blog](http://atalasoft.github.io/2016/08/03/nuget-tutorial-wcs/)\r\n\r\nThe other way is to read a [tutorial](https://atalasoft.github.io/web-capture-service/tutorial-2-2-demo-application.html) in the Web Capture documentation.\r\nThere is also a version of [sample for ASP.NET Core](https://atalasoft.github.io/web-capture-service/tutorial-2-5-demo-application-aspnet-core.html)\r\n\r\n### Licensing \r\n\r\nTo run the projects locally, you need to have a DotImage license. There are various way to acquire the license:\r\n\r\n - Use [DotImage Activation Wizard Visual Studio extension](https://visualstudiogallery.msdn.microsoft.com/88ff07c9-fe68-48bd-bfdc-3fbc8a0ec1db)\r\n - Download a complete DotImage installation package from the [Atalasoft web site](https://atalasoft.com). You will be prompted to activate the product during installation\r\n\r\nThis source code is property of Atalasoft, Inc. (http://www.atalasoft.com/)  \r\nPermission for usage and modification of this code is only permitted \r\nwith the purchase of a source code license.\r\n\r\n### Related Articles\r\n\r\n - [Web Capture Service documentation](https://atalasoft.github.io/web-capture-service/)\r\n - [Introducing NuGet Packages](http://atalasoft.github.io/2016/05/03/introducing-nuget/)\r\n - [Introducing Activation Wizard Extension](http://atalasoft.github.io/2016/05/14/introducing-activation-wizard-extension/) \r\n - [NuGet Tutorial II - Web Capture Service](http://atalasoft.github.io/2016/08/03/nuget-tutorial-wcs/)\r\n',
21 silly publish   readmeFilename: 'README.md',
21 silly publish   gitHead: '2e69d5e9be202c0158aa28d1a9b0d51f2085b832',
21 silly publish   _id: 'web-capture-service@11.0.0',
21 silly publish   _shasum: '89c7cc62d277e3842c5c8404dadb21431098178f',
21 silly publish   _from: '.' }
22 verbose getPublishConfig undefined
23 silly mapToRegistry name web-capture-service
24 silly mapToRegistry using default registry
25 silly mapToRegistry registry https://registry.npmjs.org/
26 silly mapToRegistry data Result {
26 silly mapToRegistry   raw: 'web-capture-service',
26 silly mapToRegistry   scope: null,
26 silly mapToRegistry   escapedName: 'web-capture-service',
26 silly mapToRegistry   name: 'web-capture-service',
26 silly mapToRegistry   rawSpec: '',
26 silly mapToRegistry   spec: 'latest',
26 silly mapToRegistry   type: 'tag' }
27 silly mapToRegistry uri https://registry.npmjs.org/web-capture-service
28 verbose publish registryBase https://registry.npmjs.org/
29 silly publish uploading C:\Users\gilbert.ruiz\AppData\Roaming\npm-cache\web-capture-service\11.0.0\package.tgz
30 verbose request uri https://registry.npmjs.org/web-capture-service
31 verbose request sending authorization for write operation
32 info attempt registry request try #1 at 2:22:42 PM
33 verbose request using bearer token for auth
34 verbose request id 966eb7ce4689542f
35 http request PUT https://registry.npmjs.org/web-capture-service
36 http 403 https://registry.npmjs.org/web-capture-service
37 verbose headers { 'content-type': 'application/json',
37 verbose headers   'cache-control': 'max-age=300',
37 verbose headers   'content-length': '113',
37 verbose headers   'accept-ranges': 'bytes',
37 verbose headers   date: 'Tue, 03 Oct 2017 21:22:45 GMT',
37 verbose headers   via: '1.1 varnish',
37 verbose headers   connection: 'keep-alive',
37 verbose headers   'x-served-by': 'cache-lax8632-LAX',
37 verbose headers   'x-cache': 'MISS',
37 verbose headers   'x-cache-hits': '0',
37 verbose headers   'x-timer': 'S1507065763.174942,VS0,VE2547',
37 verbose headers   vary: 'Accept-Encoding, Accept' }
38 verbose request invalidating C:\Users\gilbert.ruiz\AppData\Roaming\npm-cache\registry.npmjs.org\web-capture-service on PUT
39 error publish Failed PUT 403
40 verbose stack Error: You do not have permission to publish "web-capture-service". Are you logged in as the correct user? : web-capture-service
40 verbose stack     at makeError (C:\Program Files\nodejs\node_modules\npm\node_modules\npm-registry-client\lib\request.js:302:12)
40 verbose stack     at CachingRegistryClient.<anonymous> (C:\Program Files\nodejs\node_modules\npm\node_modules\npm-registry-client\lib\request.js:290:14)
40 verbose stack     at Request._callback (C:\Program Files\nodejs\node_modules\npm\node_modules\npm-registry-client\lib\request.js:210:14)
40 verbose stack     at Request.self.callback (C:\Program Files\nodejs\node_modules\npm\node_modules\request\request.js:187:22)
40 verbose stack     at emitTwo (events.js:106:13)
40 verbose stack     at Request.emit (events.js:191:7)
40 verbose stack     at Request.<anonymous> (C:\Program Files\nodejs\node_modules\npm\node_modules\request\request.js:1048:10)
40 verbose stack     at emitOne (events.js:96:13)
40 verbose stack     at Request.emit (events.js:188:7)
40 verbose stack     at IncomingMessage.<anonymous> (C:\Program Files\nodejs\node_modules\npm\node_modules\request\request.js:969:12)
41 verbose statusCode 403
42 verbose pkgid web-capture-service
43 verbose cwd C:\web-capture-service-github
44 error Windows_NT 6.1.7601
45 error argv "C:\\Program Files\\nodejs\\node.exe" "C:\\Program Files\\nodejs\\node_modules\\npm\\bin\\npm-cli.js" "publish"
46 error node v6.11.4
47 error npm  v3.10.10
48 error code E403
49 error You do not have permission to publish "web-capture-service". Are you logged in as the correct user? : web-capture-service
50 error If you need help, you may report this error at:
50 error     <https://github.com/npm/npm/issues>
51 verbose exit [ 1, true ]
